\BOOKMARK [1][-]{section.1}{\376\377\000S\000Q\000L\151\202\217\360}{}% 1
\BOOKMARK [1][-]{section.2}{\376\377\145\160\143\156\133\232\116\111}{}% 2
\BOOKMARK [2][-]{subsection.2.1}{\376\377\152\041\137\017\166\204\133\232\116\111\116\016\122\040\226\144}{section.2}% 3
\BOOKMARK [3][-]{subsubsection.2.1.1}{\376\377\133\232\116\111\152\041\137\017}{subsection.2.1}% 4
\BOOKMARK [3][-]{subsubsection.2.1.2}{\376\377\122\040\226\144\152\041\137\017}{subsection.2.1}% 5
\BOOKMARK [2][-]{subsection.2.2}{\376\377\127\372\147\054\210\150\166\204\133\232\116\111\060\001\122\040\226\144\116\016\117\356\145\071}{section.2}% 6
\BOOKMARK [3][-]{subsubsection.2.2.1}{\376\377\133\232\116\111\127\372\147\054\210\150}{subsection.2.2}% 7
\BOOKMARK [3][-]{subsubsection.2.2.2}{\376\377\145\160\143\156\174\173\127\213}{subsection.2.2}% 8
\BOOKMARK [3][-]{subsubsection.2.2.3}{\376\377\117\356\145\071\127\372\147\054\210\150}{subsection.2.2}% 9
\BOOKMARK [3][-]{subsubsection.2.2.4}{\376\377\122\040\226\144\127\372\147\054\210\150}{subsection.2.2}% 10
\BOOKMARK [2][-]{subsection.2.3}{\376\377\175\042\137\025\166\204\136\372\172\313\124\214\122\040\226\144}{section.2}% 11
\BOOKMARK [3][-]{subsubsection.2.3.1}{\376\377\136\372\172\313\175\042\137\025}{subsection.2.3}% 12
\BOOKMARK [3][-]{subsubsection.2.3.2}{\376\377\117\356\145\071\175\042\137\025}{subsection.2.3}% 13
\BOOKMARK [3][-]{subsubsection.2.3.3}{\376\377\122\040\226\144\175\042\137\025}{subsection.2.3}% 14
\BOOKMARK [2][-]{subsection.2.4}{\376\377\145\160\143\156\133\127\121\170}{section.2}% 15
\BOOKMARK [1][-]{section.3}{\376\377\145\160\143\156\147\345\213\342}{}% 16
\BOOKMARK [2][-]{subsection.3.1}{\376\377\123\125\210\150\147\345\213\342}{section.3}% 17
\BOOKMARK [3][-]{subsubsection.3.1.1}{\376\377\220\011\142\351\210\150\116\055\166\204\202\345\136\162\122\027}{subsection.3.1}% 18
\BOOKMARK [3][-]{subsubsection.3.1.2}{\376\377\220\011\142\351\210\150\116\055\166\204\202\345\136\162\121\103\176\304}{subsection.3.1}% 19
\BOOKMARK [3][-]{subsubsection.3.1.3}{\376\377\000O\000R\000D\000E\000R\000\040\000B\000Y\133\120\123\345}{subsection.3.1}% 20
\BOOKMARK [3][-]{subsubsection.3.1.4}{\376\377\200\132\226\306\121\375\145\160}{subsection.3.1}% 21
\BOOKMARK [3][-]{subsubsection.3.1.5}{\376\377\000G\000R\000O\000U\000P\000\040\000B\000Y\133\120\123\345}{subsection.3.1}% 22
\BOOKMARK [2][-]{subsection.3.2}{\376\377\217\336\143\245\147\345\213\342}{section.3}% 23
\BOOKMARK [3][-]{subsubsection.3.2.1}{\376\377\173\111\120\074\116\016\227\136\173\111\120\074\217\336\143\245\147\345\213\342}{subsection.3.2}% 24
\BOOKMARK [3][-]{subsubsection.3.2.2}{\376\377\201\352\216\253\217\336\143\245}{subsection.3.2}% 25
\BOOKMARK [3][-]{subsubsection.3.2.3}{\376\377\131\026\217\336\143\245}{subsection.3.2}% 26
\BOOKMARK [3][-]{subsubsection.3.2.4}{\376\377\131\032\210\150\217\336\143\245}{subsection.3.2}% 27
\BOOKMARK [2][-]{subsection.3.3}{\376\377\135\114\131\127\147\345\213\342}{section.3}% 28
\BOOKMARK [3][-]{subsubsection.3.3.1}{\376\377\136\046\147\011\000I\000N\214\023\213\315\166\204\133\120\147\345\213\342}{subsection.3.3}% 29
\BOOKMARK [3][-]{subsubsection.3.3.2}{\376\377\136\046\147\011\153\324\217\203\217\320\173\227\173\046\166\204\133\120\147\345\213\342}{subsection.3.3}% 30
\BOOKMARK [3][-]{subsubsection.3.3.3}{\376\377\136\046\147\011\000A\000N\000Y\377\010\000S\000O\000M\000E\377\011\142\026\000A\000L\000L\214\023\213\315\166\204\133\120\147\345\213\342}{subsection.3.3}% 31
\BOOKMARK [3][-]{subsubsection.3.3.4}{\376\377\136\046\147\011\000E\000X\000I\000S\000T\000S\214\023\213\315\166\204\133\120\147\345\213\342}{subsection.3.3}% 32
\BOOKMARK [2][-]{subsection.3.4}{\376\377\226\306\124\010\147\345\213\342}{section.3}% 33
\BOOKMARK [2][-]{subsection.3.5}{\376\377\127\372\116\216\155\076\165\037\210\150\166\204\147\345\213\342}{section.3}% 34
\BOOKMARK [2][-]{subsection.3.6}{\376\377\000S\000E\000L\000E\000C\000T\213\355\123\345\166\204\116\000\202\054\150\074\137\017}{section.3}% 35
\BOOKMARK [1][-]{section.4}{\376\377\145\160\143\156\146\364\145\260}{}% 36
\BOOKMARK [2][-]{subsection.4.1}{\376\377\143\322\121\145\145\160\143\156}{section.4}% 37
\BOOKMARK [3][-]{subsubsection.4.1.1}{\376\377\143\322\121\145\121\103\176\304}{subsection.4.1}% 38
\BOOKMARK [3][-]{subsubsection.4.1.2}{\376\377\143\322\121\145\133\120\147\345\213\342\176\323\147\234}{subsection.4.1}% 39
\BOOKMARK [2][-]{subsection.4.2}{\376\377\117\356\145\071\145\160\143\156}{section.4}% 40
\BOOKMARK [2][-]{subsection.4.3}{\376\377\122\040\226\144\145\160\143\156}{section.4}% 41
\BOOKMARK [1][-]{section.5}{\376\377\172\172\120\074\166\204\131\004\164\006}{}% 42
\BOOKMARK [2][-]{subsection.5.1}{\376\377\172\172\120\074\166\204\116\247\165\037}{section.5}% 43
\BOOKMARK [2][-]{subsection.5.2}{\376\377\172\172\120\074\166\204\122\044\145\255}{section.5}% 44
\BOOKMARK [2][-]{subsection.5.3}{\376\377\172\172\120\074\166\204\176\246\147\137\147\141\116\366}{section.5}% 45
\BOOKMARK [2][-]{subsection.5.4}{\376\377\172\172\120\074\166\204\217\320\173\227}{section.5}% 46
\BOOKMARK [1][-]{section.6}{\376\377\211\306\126\376}{}% 47
\BOOKMARK [2][-]{subsection.6.1}{\376\377\133\232\116\111\211\306\126\376}{section.6}% 48
\BOOKMARK [3][-]{subsubsection.6.1.1}{\376\377\136\372\172\313\211\306\126\376}{subsection.6.1}% 49
\BOOKMARK [3][-]{subsubsection.6.1.2}{\376\377\122\040\226\144\211\306\126\376}{subsection.6.1}% 50
\BOOKMARK [2][-]{subsection.6.2}{\376\377\147\345\213\342\211\306\126\376}{section.6}% 51
\BOOKMARK [2][-]{subsection.6.3}{\376\377\146\364\145\260\211\306\126\376}{section.6}% 52
\BOOKMARK [2][-]{subsection.6.4}{\376\377\211\306\126\376\166\204\117\134\165\050}{section.6}% 53
