\BOOKMARK [1][-]{section.1}{\376\377\145\160\143\156\136\223\133\211\121\150\140\047\151\202\217\360}{}% 1
\BOOKMARK [2][-]{subsection.1.1}{\376\377\145\160\143\156\136\223\166\204\116\015\133\211\121\150\126\340\175\040}{section.1}% 2
\BOOKMARK [2][-]{subsection.1.2}{\376\377\133\211\121\150\150\007\121\306\173\200\116\313}{section.1}% 3
\BOOKMARK [1][-]{section.2}{\376\377\145\160\143\156\136\223\133\211\121\150\140\047\143\247\122\066}{}% 4
\BOOKMARK [2][-]{subsection.2.1}{\376\377\165\050\142\067\216\253\116\375\222\164\122\053}{section.2}% 5
\BOOKMARK [2][-]{subsection.2.2}{\376\377\133\130\123\326\143\247\122\066}{section.2}% 6
\BOOKMARK [2][-]{subsection.2.3}{\376\377\201\352\116\073\133\130\123\326\143\247\122\066\145\271\154\325}{section.2}% 7
\BOOKMARK [2][-]{subsection.2.4}{\376\377\143\210\147\103\377\032\143\210\116\210\116\016\145\066\126\336}{section.2}% 8
\BOOKMARK [3][-]{subsubsection.2.4.1}{\376\377\000G\000R\000A\000N\000T}{subsection.2.4}% 9
\BOOKMARK [3][-]{subsubsection.2.4.2}{\376\377\000R\000E\000V\000O\000K\000E}{subsection.2.4}% 10
\BOOKMARK [2][-]{subsection.2.5}{\376\377\145\160\143\156\136\223\211\322\202\162}{section.2}% 11
\BOOKMARK [3][-]{subsubsection.2.5.1}{\376\377\211\322\202\162\166\204\122\033\136\372}{subsection.2.5}% 12
\BOOKMARK [3][-]{subsubsection.2.5.2}{\376\377\176\331\211\322\202\162\143\210\147\103}{subsection.2.5}% 13
\BOOKMARK [3][-]{subsubsection.2.5.3}{\376\377\134\006\116\000\116\052\211\322\202\162\143\210\116\210\121\166\116\326\166\204\211\322\202\162\142\026\165\050\142\067}{subsection.2.5}% 14
\BOOKMARK [3][-]{subsubsection.2.5.4}{\376\377\211\322\202\162\147\103\226\120\166\204\145\066\126\336}{subsection.2.5}% 15
\BOOKMARK [2][-]{subsection.2.6}{\376\377\137\072\122\066\133\130\123\326\143\247\122\066\145\271\154\325}{section.2}% 16
\BOOKMARK [1][-]{section.3}{\376\377\211\306\126\376\147\072\122\066}{}% 17
\BOOKMARK [1][-]{section.4}{\376\377\133\241\213\241}{}% 18
\BOOKMARK [2][-]{subsection.4.1}{\376\377\133\241\213\241\116\213\116\366}{section.4}% 19
\BOOKMARK [2][-]{subsection.4.2}{\376\377\133\241\213\241\122\237\200\375}{section.4}% 20
\BOOKMARK [2][-]{subsection.4.3}{\376\377\000A\000U\000D\000I\000T\213\355\123\345\124\214\000N\000O\000A\000U\000D\000I\000T\213\355\123\345}{section.4}% 21
\BOOKMARK [1][-]{section.5}{\376\377\145\160\143\156\122\240\133\306}{}% 22
\BOOKMARK [1][-]{section.6}{\376\377\121\166\116\326\133\211\121\150\140\047\117\335\142\244}{}% 23
