\BOOKMARK [1][-]{section.1}{\376\377\145\160\143\156\136\223\174\373\176\337\151\202\217\360}{}% 1
\BOOKMARK [2][-]{subsection.1.1}{\376\377\145\160\143\156\136\223\166\204\0004\116\052\127\372\147\054\151\202\137\365}{section.1}% 2
\BOOKMARK [3][-]{subsubsection.1.1.1}{\376\377\145\160\143\156}{subsection.1.1}% 3
\BOOKMARK [3][-]{subsubsection.1.1.2}{\376\377\145\160\143\156\136\223}{subsection.1.1}% 4
\BOOKMARK [3][-]{subsubsection.1.1.3}{\376\377\145\160\143\156\136\223\173\241\164\006\174\373\176\337}{subsection.1.1}% 5
\BOOKMARK [3][-]{subsubsection.1.1.4}{\376\377\145\160\143\156\136\223\174\373\176\337}{subsection.1.1}% 6
\BOOKMARK [2][-]{subsection.1.2}{\376\377\145\160\143\156\173\241\164\006\142\200\147\057\166\204\116\247\165\037\124\214\123\321\134\125}{section.1}% 7
\BOOKMARK [1][-]{section.2}{\376\377\145\160\143\156\152\041\127\213}{}% 8
\BOOKMARK [1][-]{section.3}{\376\377\145\160\143\156\136\223\174\373\176\337\166\204\176\323\147\204}{}% 9
\BOOKMARK [2][-]{subsection.3.1}{\376\377\145\160\143\156\136\223\174\373\176\337\152\041\137\017\166\204\151\202\137\365}{section.3}% 10
\BOOKMARK [2][-]{subsection.3.2}{\376\377\145\160\143\156\136\223\166\204\116\011\176\247\152\041\137\017\176\323\147\204}{section.3}% 11
\BOOKMARK [3][-]{subsubsection.3.2.1}{\376\377\152\041\137\017}{subsection.3.2}% 12
\BOOKMARK [3][-]{subsubsection.3.2.2}{\376\377\131\026\152\041\137\017}{subsection.3.2}% 13
\BOOKMARK [3][-]{subsubsection.3.2.3}{\376\377\121\205\152\041\137\017}{subsection.3.2}% 14
\BOOKMARK [2][-]{subsection.3.3}{\376\377\145\160\143\156\136\223\166\204\116\214\176\247\146\040\120\317\122\237\200\375\116\016\145\160\143\156\162\354\172\313\140\047}{section.3}% 15
\BOOKMARK [3][-]{subsubsection.3.3.1}{\376\377\131\026\152\041\137\017\000/\152\041\137\017\146\040\120\317}{subsection.3.3}% 16
\BOOKMARK [3][-]{subsubsection.3.3.2}{\376\377\152\041\137\017\000/\121\205\152\041\137\017\146\040\120\317}{subsection.3.3}% 17
\BOOKMARK [3][-]{subsubsection.3.3.3}{\376\377\145\160\143\156\136\223\166\204\116\214\176\247\146\040\120\317}{subsection.3.3}% 18
\BOOKMARK [1][-]{section.4}{\376\377\145\160\143\156\136\223\174\373\176\337\166\204\176\304\142\020}{}% 19
\BOOKMARK [2][-]{subsection.4.1}{\376\377\170\154\116\366\136\163\123\360\123\312\145\160\143\156\136\223}{section.4}% 20
\BOOKMARK [2][-]{subsection.4.2}{\376\377\217\157\116\366}{section.4}% 21
\BOOKMARK [2][-]{subsection.4.3}{\376\377\116\272\124\130}{section.4}% 22
