\BOOKMARK [1][-]{section.1}{\376\377\133\236\117\123\133\214\145\164\140\047}{}% 1
\BOOKMARK [2][-]{subsection.1.1}{\376\377\133\232\116\111\133\236\117\123\133\214\145\164\140\047}{section.1}% 2
\BOOKMARK [2][-]{subsection.1.2}{\376\377\133\236\117\123\133\214\145\164\140\047\150\300\147\345\124\214\217\335\176\246\131\004\164\006}{section.1}% 3
\BOOKMARK [1][-]{section.2}{\376\377\123\302\161\147\133\214\145\164\140\047}{}% 4
\BOOKMARK [2][-]{subsection.2.1}{\376\377\133\232\116\111\123\302\161\147\133\214\145\164\140\047}{section.2}% 5
\BOOKMARK [2][-]{subsection.2.2}{\376\377\123\302\161\147\133\214\145\164\140\047\150\300\147\345\124\214\217\335\176\246\131\004\164\006}{section.2}% 6
\BOOKMARK [1][-]{section.3}{\376\377\165\050\142\067\133\232\116\111\166\204\133\214\145\164\140\047}{}% 7
\BOOKMARK [2][-]{subsection.3.1}{\376\377\134\136\140\047\116\012\166\204\176\246\147\137\147\141\116\366}{section.3}% 8
\BOOKMARK [3][-]{subsubsection.3.1.1}{\376\377\134\136\140\047\116\012\176\246\147\137\147\141\116\366\166\204\133\232\116\111}{subsection.3.1}% 9
\BOOKMARK [3][-]{subsubsection.3.1.2}{\376\377\134\136\140\047\116\012\176\246\147\137\147\141\116\366\166\204\150\300\147\345\124\214\217\335\211\304\131\004\164\006}{subsection.3.1}% 10
\BOOKMARK [2][-]{subsection.3.2}{\376\377\121\103\176\304\116\012\166\204\176\246\147\137\147\141\116\366}{section.3}% 11
\BOOKMARK [3][-]{subsubsection.3.2.1}{\376\377\121\103\176\304\116\012\176\246\147\137\147\141\116\366\166\204\133\232\116\111}{subsection.3.2}% 12
\BOOKMARK [3][-]{subsubsection.3.2.2}{\376\377\121\103\176\304\116\012\176\246\147\137\147\141\116\366\166\204\150\300\147\345\124\214\217\335\176\246\131\004\164\006}{subsection.3.2}% 13
\BOOKMARK [1][-]{section.4}{\376\377\133\214\145\164\140\047\176\246\147\137\124\175\124\015\133\120\123\345}{}% 14
\BOOKMARK [2][-]{subsection.4.1}{\376\377\133\214\145\164\140\047\176\246\147\137\124\175\124\015\133\120\123\345}{section.4}% 15
\BOOKMARK [2][-]{subsection.4.2}{\376\377\117\356\145\071\210\150\116\055\166\204\133\214\145\164\140\047\226\120\122\066}{section.4}% 16
\BOOKMARK [1][-]{section.5}{\376\377\145\255\212\000}{}% 17
\BOOKMARK [2][-]{subsection.5.1}{\376\377\122\033\136\372\145\255\212\000\166\204\213\355\123\345\150\074\137\017}{section.5}% 18
\BOOKMARK [2][-]{subsection.5.2}{\376\377\122\040\226\144\145\255\212\000\166\204\213\355\123\345\150\074\137\017}{section.5}% 19
\BOOKMARK [1][-]{section.6}{\376\377\211\346\123\321\126\150}{}% 20
\BOOKMARK [2][-]{subsection.6.1}{\376\377\133\232\116\111\211\346\123\321\126\150}{section.6}% 21
\BOOKMARK [2][-]{subsection.6.2}{\376\377\157\300\155\073\211\346\123\321\126\150}{section.6}% 22
\BOOKMARK [2][-]{subsection.6.3}{\376\377\122\040\226\144\211\346\123\321\126\150}{section.6}% 23
