\BOOKMARK [1][-]{section.1}{\376\377\145\160\143\156\136\223\213\276\213\241\151\202\217\360}{}% 1
\BOOKMARK [2][-]{subsection.1.1}{\376\377\145\160\143\156\136\223\213\276\213\241\166\204\162\171\160\271}{section.1}% 2
\BOOKMARK [3][-]{subsubsection.1.1.1}{\376\377\145\160\143\156\136\223\136\372\213\276\166\204\127\372\147\054\211\304\137\213}{subsection.1.1}% 3
\BOOKMARK [3][-]{subsubsection.1.1.2}{\376\377\176\323\147\204\377\010\145\160\143\156\377\011\213\276\213\241\124\214\210\114\116\072\377\010\131\004\164\006\377\011\213\276\213\241\166\370\176\323\124\010}{subsection.1.1}% 4
\BOOKMARK [2][-]{subsection.1.2}{\376\377\145\160\143\156\136\223\213\276\213\241\145\271\154\325}{section.1}% 5
\BOOKMARK [2][-]{subsection.1.3}{\376\377\145\160\143\156\136\223\213\276\213\241\166\204\127\372\147\054\153\145\232\244}{section.1}% 6
\BOOKMARK [2][-]{subsection.1.4}{\376\377\145\160\143\156\136\223\213\276\213\241\217\307\172\013\116\055\166\204\124\004\176\247\152\041\137\017}{section.1}% 7
\BOOKMARK [1][-]{section.2}{\376\377\227\000\154\102\122\006\147\220}{}% 8
\BOOKMARK [2][-]{subsection.2.1}{\376\377\227\000\154\102\122\006\147\220\166\204\116\373\122\241}{section.2}% 9
\BOOKMARK [2][-]{subsection.2.2}{\376\377\227\000\154\102\122\006\147\220\166\204\145\271\154\325}{section.2}% 10
\BOOKMARK [2][-]{subsection.2.3}{\376\377\145\160\143\156\133\127\121\170}{section.2}% 11
\BOOKMARK [3][-]{subsubsection.2.3.1}{\376\377\145\160\143\156\230\171}{subsection.2.3}% 12
\BOOKMARK [3][-]{subsubsection.2.3.2}{\376\377\145\160\143\156\176\323\147\204}{subsection.2.3}% 13
\BOOKMARK [3][-]{subsubsection.2.3.3}{\376\377\145\160\143\156\155\101}{subsection.2.3}% 14
\BOOKMARK [3][-]{subsubsection.2.3.4}{\376\377\145\160\143\156\133\130\120\250}{subsection.2.3}% 15
\BOOKMARK [3][-]{subsubsection.2.3.5}{\376\377\131\004\164\006\217\307\172\013}{subsection.2.3}% 16
\BOOKMARK [1][-]{section.3}{\376\377\151\202\137\365\176\323\147\204\213\276\213\241}{}% 17
\BOOKMARK [2][-]{subsection.3.1}{\376\377\151\202\137\365\152\041\127\213}{section.3}% 18
\BOOKMARK [2][-]{subsection.3.2}{\376\377\000E\000-\000R\152\041\127\213}{section.3}% 19
\BOOKMARK [3][-]{subsubsection.3.2.1}{\376\377\133\236\117\123\116\113\225\364\166\204\200\124\174\373}{subsection.3.2}% 20
\BOOKMARK [3][-]{subsubsection.3.2.2}{\376\377\000E\000-\000R\126\376}{subsection.3.2}% 21
\BOOKMARK [2][-]{subsection.3.3}{\376\377\142\323\134\125\166\204\000E\000-\000R\152\041\127\213}{section.3}% 22
\BOOKMARK [3][-]{subsubsection.3.3.1}{\376\377\000I\000S\000A\200\124\174\373}{subsection.3.3}% 23
\BOOKMARK [3][-]{subsubsection.3.3.2}{\376\377\127\372\145\160\176\246\147\137}{subsection.3.3}% 24
\BOOKMARK [3][-]{subsubsection.3.3.3}{\376\377\000P\000a\000r\000t\000-\000o\000f\200\124\174\373}{subsection.3.3}% 25
\BOOKMARK [2][-]{subsection.3.4}{\376\377\151\202\137\365\176\323\147\204\213\276\213\241}{section.3}% 26
\BOOKMARK [3][-]{subsubsection.3.4.1}{\376\377\133\236\117\123\116\016\134\136\140\047\166\204\122\022\122\006\123\237\122\031}{subsection.3.4}% 27
\BOOKMARK [3][-]{subsubsection.3.4.2}{\376\377\000E\000-\000R\126\376\166\204\226\306\142\020}{subsection.3.4}% 28
\BOOKMARK [1][-]{section.4}{\376\377\220\073\217\221\176\323\147\204\213\276\213\241}{}% 29
\BOOKMARK [2][-]{subsection.4.1}{\376\377\000E\000-\000R\126\376\124\021\121\163\174\373\152\041\127\213\166\204\217\154\143\142}{section.4}% 30
\BOOKMARK [2][-]{subsection.4.2}{\376\377\145\160\143\156\152\041\127\213\166\204\117\030\123\026}{section.4}% 31
\BOOKMARK [2][-]{subsection.4.3}{\376\377\213\276\213\241\165\050\142\067\133\120\152\041\137\017}{section.4}% 32
\BOOKMARK [1][-]{section.5}{\376\377\145\160\143\156\136\223\166\204\162\151\164\006\213\276\213\241}{}% 33
\BOOKMARK [2][-]{subsection.5.1}{\376\377\145\160\143\156\136\223\162\151\164\006\213\276\213\241\166\204\121\205\133\271\124\214\145\271\154\325}{section.5}% 34
\BOOKMARK [2][-]{subsection.5.2}{\376\377\121\163\174\373\152\041\137\017\133\130\123\326\145\271\154\325\220\011\142\351}{section.5}% 35
\BOOKMARK [3][-]{subsubsection.5.2.1}{\376\377\000B\000+\150\021\175\042\137\025\133\130\123\326\145\271\154\325\166\204\220\011\142\351}{subsection.5.2}% 36
\BOOKMARK [3][-]{subsubsection.5.2.2}{\376\377\000H\000a\000s\000h\175\042\137\025\133\130\123\326\145\271\154\325\166\204\220\011\142\351}{subsection.5.2}% 37
\BOOKMARK [3][-]{subsubsection.5.2.3}{\376\377\200\132\174\007\133\130\123\326\145\271\154\325\166\204\220\011\142\351}{subsection.5.2}% 38
\BOOKMARK [2][-]{subsection.5.3}{\376\377\170\156\133\232\145\160\143\156\136\223\166\204\133\130\120\250\176\323\147\204}{section.5}% 39
\BOOKMARK [2][-]{subsection.5.4}{\376\377\213\304\116\367\162\151\164\006\176\323\147\204}{section.5}% 40
\BOOKMARK [1][-]{section.6}{\376\377\145\160\143\156\136\223\166\204\133\236\145\275\124\214\176\364\142\244}{}% 41
\BOOKMARK [2][-]{subsection.6.1}{\376\377\145\160\143\156\166\204\217\175\121\145\124\214\136\224\165\050\172\013\136\217\166\204\214\003\213\325}{section.6}% 42
\BOOKMARK [2][-]{subsection.6.2}{\376\377\145\160\143\156\136\223\166\204\213\325\217\320\210\114}{section.6}% 43
\BOOKMARK [2][-]{subsection.6.3}{\376\377\145\160\143\156\136\223\166\204\217\320\210\114\124\214\176\364\142\244}{section.6}% 44
\BOOKMARK [3][-]{subsubsection.6.3.1}{\376\377\145\160\143\156\136\223\166\204\217\154\120\250\124\214\140\142\131\015}{subsection.6.3}% 45
\BOOKMARK [3][-]{subsubsection.6.3.2}{\376\377\145\160\143\156\136\223\166\204\133\211\121\150\140\047\060\001\133\214\145\164\140\047\143\247\122\066}{subsection.6.3}% 46
\BOOKMARK [3][-]{subsubsection.6.3.3}{\376\377\145\160\143\156\136\223\140\047\200\375\166\204\166\321\167\143\060\001\122\006\147\220\124\214\145\071\217\333}{subsection.6.3}% 47
\BOOKMARK [3][-]{subsubsection.6.3.4}{\376\377\145\160\143\156\136\223\166\204\221\315\176\304\176\307\116\016\221\315\147\204\220\040}{subsection.6.3}% 48
