\BOOKMARK [1][-]{section.1}{\376\377\116\213\122\241\166\204\127\372\147\054\151\202\137\365}{}% 1
\BOOKMARK [2][-]{subsection.1.1}{\376\377\116\213\122\241}{section.1}% 2
\BOOKMARK [2][-]{subsection.1.2}{\376\377\116\213\122\241\166\204\000A\000C\000I\000D\162\171\140\047}{section.1}% 3
\BOOKMARK [1][-]{section.2}{\376\377\145\160\143\156\136\223\140\142\131\015\151\202\217\360}{}% 4
\BOOKMARK [1][-]{section.3}{\376\377\145\105\226\234\166\204\171\315\174\173}{}% 5
\BOOKMARK [2][-]{subsection.3.1}{\376\377\116\213\122\241\121\205\220\350\166\204\145\105\226\234}{section.3}% 6
\BOOKMARK [2][-]{subsection.3.2}{\376\377\174\373\176\337\145\105\226\234}{section.3}% 7
\BOOKMARK [2][-]{subsection.3.3}{\376\377\116\313\215\050\145\105\226\234}{section.3}% 8
\BOOKMARK [2][-]{subsection.3.4}{\376\377\213\241\173\227\147\072\165\305\153\322}{section.3}% 9
\BOOKMARK [1][-]{section.4}{\376\377\140\142\131\015\166\204\133\236\163\260\142\200\147\057}{}% 10
\BOOKMARK [2][-]{subsection.4.1}{\376\377\145\160\143\156\217\154\120\250}{section.4}% 11
\BOOKMARK [2][-]{subsection.4.2}{\376\377\166\173\213\260\145\345\137\327\145\207\116\366}{section.4}% 12
\BOOKMARK [3][-]{subsubsection.4.2.1}{\376\377\145\345\137\327\145\207\116\366\166\204\150\074\137\017\124\214\121\205\133\271}{subsection.4.2}% 13
\BOOKMARK [3][-]{subsubsection.4.2.2}{\376\377\145\345\137\327\145\207\116\366\166\204\117\134\165\050}{subsection.4.2}% 14
\BOOKMARK [3][-]{subsubsection.4.2.3}{\376\377\166\173\213\260\145\345\137\327\145\207\116\366}{subsection.4.2}% 15
\BOOKMARK [1][-]{section.5}{\376\377\140\142\131\015\173\126\165\145}{}% 16
\BOOKMARK [2][-]{subsection.5.1}{\376\377\116\213\122\241\145\105\226\234\166\204\140\142\131\015}{section.5}% 17
\BOOKMARK [2][-]{subsection.5.2}{\376\377\174\373\176\337\145\105\226\234\166\204\140\142\131\015}{section.5}% 18
\BOOKMARK [2][-]{subsection.5.3}{\376\377\116\313\215\050\145\105\226\234\166\204\140\142\131\015}{section.5}% 19
\BOOKMARK [2][-]{subsection.5.4}{\376\377\121\167\147\011\150\300\147\345\160\271\166\204\140\142\131\015\142\200\147\057}{section.5}% 20
\BOOKMARK [3][-]{subsubsection.5.4.1}{\376\377\150\300\147\345\160\271\142\200\147\057}{subsection.5.4}% 21
\BOOKMARK [3][-]{subsubsection.5.4.2}{\376\377\122\051\165\050\150\300\147\345\160\271\166\204\140\142\131\015\173\126\165\145}{subsection.5.4}% 22
